0 info it worked if it ends with ok
1 verbose cli [ '/usr/bin/iojs', '/usr/bin/npm', 'run', 'dev' ]
2 info using npm@2.11.3
3 info using node@v2.3.1
4 verbose run-script [ 'predev', 'dev', 'postdev' ]
5 info predev f-chat-turbo@1.0.0
6 info dev f-chat-turbo@1.0.0
7 verbose unsafe-perm in lifecycle true
8 info f-chat-turbo@1.0.0 Failed to exec dev script
9 verbose stack Error: f-chat-turbo@1.0.0 dev: `node dev_server.js`
9 verbose stack Exit status 1
9 verbose stack     at EventEmitter.<anonymous> (/usr/lib/node_modules/npm/lib/utils/lifecycle.js:213:16)
9 verbose stack     at emitTwo (events.js:87:13)
9 verbose stack     at EventEmitter.emit (events.js:172:7)
9 verbose stack     at ChildProcess.<anonymous> (/usr/lib/node_modules/npm/lib/utils/spawn.js:24:14)
9 verbose stack     at emitTwo (events.js:87:13)
9 verbose stack     at ChildProcess.emit (events.js:172:7)
9 verbose stack     at maybeClose (internal/child_process.js:764:16)
9 verbose stack     at Process.ChildProcess._handle.onexit (internal/child_process.js:211:5)
10 verbose pkgid f-chat-turbo@1.0.0
11 verbose cwd /home/philipp/coding/f-chat-turbo
12 error Linux 4.0.7-2-ARCH
13 error argv "/usr/bin/iojs" "/usr/bin/npm" "run" "dev"
14 error node v2.3.1
15 error npm  v2.11.3
16 error code ELIFECYCLE
17 error f-chat-turbo@1.0.0 dev: `node dev_server.js`
17 error Exit status 1
18 error Failed at the f-chat-turbo@1.0.0 dev script 'node dev_server.js'.
18 error This is most likely a problem with the f-chat-turbo package,
18 error not with npm itself.
18 error Tell the author that this fails on your system:
18 error     node dev_server.js
18 error You can get their info via:
18 error     npm owner ls f-chat-turbo
18 error There is likely additional logging output above.
19 verbose exit [ 1, true ]
